Fri Mar 11 14:41:50 CST 2016	Registered JDBC driver com.mysql.jdbc.Driver
Fri Mar 11 14:41:52 CST 2016	Created a new connection in pool 1st
Fri Mar 11 14:41:52 CST 2016	Created a new connection in pool 1st
Fri Mar 11 14:41:52 CST 2016	Created a new connection in pool 1st
Fri Mar 11 14:41:52 CST 2016	Initialized pool 1st
Fri Mar 11 14:43:15 CST 2016	Registered JDBC driver com.mysql.jdbc.Driver
Fri Mar 11 14:43:16 CST 2016	Created a new connection in pool 1st
Fri Mar 11 14:43:16 CST 2016	Created a new connection in pool 1st
Fri Mar 11 14:43:16 CST 2016	Created a new connection in pool 1st
Fri Mar 11 14:43:16 CST 2016	Initialized pool 1st
Fri Mar 11 14:45:17 CST 2016	Registered JDBC driver com.mysql.jdbc.Driver
Fri Mar 11 14:45:18 CST 2016	Created a new connection in pool 1st
Fri Mar 11 14:45:18 CST 2016	Created a new connection in pool 1st
Fri Mar 11 14:45:18 CST 2016	Created a new connection in pool 1st
Fri Mar 11 14:45:18 CST 2016	Initialized pool 1st
Fri Mar 11 14:46:17 CST 2016	Registered JDBC driver com.mysql.jdbc.Driver
Fri Mar 11 14:46:17 CST 2016	Created a new connection in pool 1st
Fri Mar 11 14:46:18 CST 2016	Created a new connection in pool 1st
Fri Mar 11 14:46:18 CST 2016	Created a new connection in pool 1st
Fri Mar 11 14:46:18 CST 2016	Initialized pool 1st
Fri Mar 11 14:46:31 CST 2016	Registered JDBC driver com.mysql.jdbc.Driver
Fri Mar 11 14:46:31 CST 2016	Created a new connection in pool 1st
Fri Mar 11 14:46:31 CST 2016	Created a new connection in pool 1st
Fri Mar 11 14:46:32 CST 2016	Created a new connection in pool 1st
Fri Mar 11 14:46:32 CST 2016	Initialized pool 1st
Fri Mar 11 14:47:21 CST 2016	Registered JDBC driver com.mysql.jdbc.Driver
Fri Mar 11 14:47:22 CST 2016	Created a new connection in pool 1st
Fri Mar 11 14:47:22 CST 2016	Created a new connection in pool 1st
Fri Mar 11 14:47:23 CST 2016	Created a new connection in pool 1st
Fri Mar 11 14:47:23 CST 2016	Initialized pool 1st
Fri Mar 11 14:49:04 CST 2016	Registered JDBC driver com.mysql.jdbc.Driver
Fri Mar 11 14:49:05 CST 2016	Created a new connection in pool 1st
Fri Mar 11 14:49:05 CST 2016	Created a new connection in pool 1st
Fri Mar 11 14:49:05 CST 2016	Created a new connection in pool 1st
Fri Mar 11 14:49:05 CST 2016	Initialized pool 1st
Fri Mar 11 14:51:54 CST 2016	Registered JDBC driver com.mysql.jdbc.Driver
Fri Mar 11 14:51:55 CST 2016	Created a new connection in pool 1st
Fri Mar 11 14:51:55 CST 2016	Created a new connection in pool 1st
Fri Mar 11 14:51:55 CST 2016	Created a new connection in pool 1st
Fri Mar 11 14:51:55 CST 2016	Initialized pool 1st
Fri Mar 11 14:56:41 CST 2016	Registered JDBC driver com.mysql.jdbc.Driver
Fri Mar 11 14:56:41 CST 2016	Created a new connection in pool 1st
Fri Mar 11 14:56:42 CST 2016	Created a new connection in pool 1st
Fri Mar 11 14:56:42 CST 2016	Created a new connection in pool 1st
Fri Mar 11 14:56:42 CST 2016	Initialized pool 1st
Fri Mar 11 14:58:05 CST 2016	Registered JDBC driver com.mysql.jdbc.Driver
Fri Mar 11 14:58:05 CST 2016	Created a new connection in pool 1st
Fri Mar 11 14:58:06 CST 2016	Created a new connection in pool 1st
Fri Mar 11 14:58:06 CST 2016	Created a new connection in pool 1st
Fri Mar 11 14:58:06 CST 2016	Initialized pool 1st
Fri Mar 11 15:01:33 CST 2016	Registered JDBC driver com.mysql.jdbc.Driver
Fri Mar 11 15:01:33 CST 2016	Created a new connection in pool 1st
Fri Mar 11 15:01:34 CST 2016	Created a new connection in pool 1st
Fri Mar 11 15:01:34 CST 2016	Created a new connection in pool 1st
Fri Mar 11 15:01:34 CST 2016	Initialized pool 1st
Fri Mar 11 15:03:40 CST 2016	Registered JDBC driver com.mysql.jdbc.Driver
Fri Mar 11 15:03:41 CST 2016	Created a new connection in pool 1st
Fri Mar 11 15:03:41 CST 2016	Created a new connection in pool 1st
Fri Mar 11 15:03:41 CST 2016	Created a new connection in pool 1st
Fri Mar 11 15:03:41 CST 2016	Initialized pool 1st
Fri Mar 11 15:48:00 CST 2016	Registered JDBC driver com.mysql.jdbc.Driver
Fri Mar 11 15:48:01 CST 2016	Communications link failure

Last packet sent to the server was 0 ms ago.
Fri Mar 11 15:48:01 CST 2016	Communications link failure

Last packet sent to the server was 0 ms ago.
Fri Mar 11 15:48:01 CST 2016	Communications link failure

Last packet sent to the server was 0 ms ago.
Fri Mar 11 15:48:01 CST 2016	Initialized pool 1st
Fri Mar 11 15:48:25 CST 2016	Removed bad connection in:pool-1-thread-4
Fri Mar 11 15:48:26 CST 2016	Removed bad connection in:pool-1-thread-4
Fri Mar 11 15:48:26 CST 2016	Removed bad connection in:pool-1-thread-4
Fri Mar 11 15:48:26 CST 2016	Created a new connection in pool 1st
Fri Mar 11 16:52:54 CST 2016	Registered JDBC driver com.mysql.jdbc.Driver
Fri Mar 11 16:52:56 CST 2016	Created a new connection in pool 1st
Fri Mar 11 16:52:57 CST 2016	Created a new connection in pool 1st
Fri Mar 11 16:52:59 CST 2016	Created a new connection in pool 1st
Fri Mar 11 16:52:59 CST 2016	Initialized pool 1st
Fri Mar 11 18:07:01 CST 2016	Registered JDBC driver com.mysql.jdbc.Driver
Fri Mar 11 18:07:01 CST 2016	Created a new connection in pool 1st
Fri Mar 11 18:07:02 CST 2016	Created a new connection in pool 1st
Fri Mar 11 18:07:02 CST 2016	Created a new connection in pool 1st
Fri Mar 11 18:07:02 CST 2016	Initialized pool 1st
Fri Mar 11 18:31:14 CST 2016	Registered JDBC driver com.mysql.jdbc.Driver
Fri Mar 11 18:31:14 CST 2016	Created a new connection in pool 1st
Fri Mar 11 18:31:15 CST 2016	Created a new connection in pool 1st
Fri Mar 11 18:31:15 CST 2016	Created a new connection in pool 1st
Fri Mar 11 18:31:15 CST 2016	Initialized pool 1st
Fri Mar 11 18:37:44 CST 2016	Registered JDBC driver com.mysql.jdbc.Driver
Fri Mar 11 18:37:45 CST 2016	Created a new connection in pool 1st
Fri Mar 11 18:37:45 CST 2016	Created a new connection in pool 1st
Fri Mar 11 18:37:46 CST 2016	Created a new connection in pool 1st
Fri Mar 11 18:37:46 CST 2016	Initialized pool 1st
Fri Mar 11 18:40:22 CST 2016	Registered JDBC driver com.mysql.jdbc.Driver
Fri Mar 11 18:40:22 CST 2016	Created a new connection in pool 1st
Fri Mar 11 18:40:22 CST 2016	Created a new connection in pool 1st
Fri Mar 11 18:40:23 CST 2016	Created a new connection in pool 1st
Fri Mar 11 18:40:23 CST 2016	Initialized pool 1st
Fri Mar 11 19:08:38 CST 2016	Registered JDBC driver com.mysql.jdbc.Driver
Fri Mar 11 19:08:38 CST 2016	Created a new connection in pool 1st
Fri Mar 11 19:08:38 CST 2016	Created a new connection in pool 1st
Fri Mar 11 19:08:39 CST 2016	Created a new connection in pool 1st
Fri Mar 11 19:08:39 CST 2016	Initialized pool 1st
Fri Mar 11 19:22:12 CST 2016	Registered JDBC driver com.mysql.jdbc.Driver
Fri Mar 11 19:22:13 CST 2016	Created a new connection in pool 1st
Fri Mar 11 19:22:13 CST 2016	Created a new connection in pool 1st
Fri Mar 11 19:22:13 CST 2016	Created a new connection in pool 1st
Fri Mar 11 19:22:13 CST 2016	Initialized pool 1st
Fri Mar 11 19:35:33 CST 2016	Registered JDBC driver com.mysql.jdbc.Driver
Fri Mar 11 19:35:34 CST 2016	Created a new connection in pool 1st
Fri Mar 11 19:35:34 CST 2016	Created a new connection in pool 1st
Fri Mar 11 19:35:34 CST 2016	Created a new connection in pool 1st
Fri Mar 11 19:35:34 CST 2016	Initialized pool 1st
Fri Mar 11 19:55:13 CST 2016	Created a new connection in pool 1st
Fri Mar 11 19:58:27 CST 2016	Registered JDBC driver com.mysql.jdbc.Driver
Fri Mar 11 19:58:28 CST 2016	Created a new connection in pool 1st
Fri Mar 11 19:58:28 CST 2016	Created a new connection in pool 1st
Fri Mar 11 19:58:28 CST 2016	Created a new connection in pool 1st
Fri Mar 11 19:58:28 CST 2016	Initialized pool 1st
Fri Mar 11 20:06:16 CST 2016	Registered JDBC driver com.mysql.jdbc.Driver
Fri Mar 11 20:06:17 CST 2016	Created a new connection in pool 1st
Fri Mar 11 20:06:17 CST 2016	Created a new connection in pool 1st
Fri Mar 11 20:06:17 CST 2016	Created a new connection in pool 1st
Fri Mar 11 20:06:17 CST 2016	Initialized pool 1st
Fri Mar 11 20:07:31 CST 2016	Registered JDBC driver com.mysql.jdbc.Driver
Fri Mar 11 20:07:31 CST 2016	Created a new connection in pool 1st
Fri Mar 11 20:07:31 CST 2016	Created a new connection in pool 1st
Fri Mar 11 20:07:32 CST 2016	Created a new connection in pool 1st
Fri Mar 11 20:07:32 CST 2016	Created a new connection in pool 1st
Fri Mar 11 20:07:32 CST 2016	Created a new connection in pool 1st
Fri Mar 11 20:07:32 CST 2016	Initialized pool 1st
Fri Mar 11 20:15:49 CST 2016	Registered JDBC driver com.mysql.jdbc.Driver
Fri Mar 11 20:15:49 CST 2016	Created a new connection in pool 1st
Fri Mar 11 20:15:50 CST 2016	Created a new connection in pool 1st
Fri Mar 11 20:15:50 CST 2016	Created a new connection in pool 1st
Fri Mar 11 20:15:50 CST 2016	Created a new connection in pool 1st
Fri Mar 11 20:15:50 CST 2016	Created a new connection in pool 1st
Fri Mar 11 20:15:50 CST 2016	Initialized pool 1st
Fri Mar 11 20:23:55 CST 2016	Registered JDBC driver com.mysql.jdbc.Driver
Fri Mar 11 20:23:56 CST 2016	Created a new connection in pool 1st
Fri Mar 11 20:23:57 CST 2016	Created a new connection in pool 1st
Fri Mar 11 20:23:57 CST 2016	Created a new connection in pool 1st
Fri Mar 11 20:23:57 CST 2016	Created a new connection in pool 1st
Fri Mar 11 20:23:57 CST 2016	Created a new connection in pool 1st
Fri Mar 11 20:23:57 CST 2016	Initialized pool 1st
Fri Mar 11 20:27:20 CST 2016	Registered JDBC driver com.mysql.jdbc.Driver
Fri Mar 11 20:27:20 CST 2016	Created a new connection in pool 1st
Fri Mar 11 20:27:21 CST 2016	Created a new connection in pool 1st
Fri Mar 11 20:27:21 CST 2016	Created a new connection in pool 1st
Fri Mar 11 20:27:21 CST 2016	Created a new connection in pool 1st
Fri Mar 11 20:27:21 CST 2016	Created a new connection in pool 1st
Fri Mar 11 20:27:21 CST 2016	Initialized pool 1st
Fri Mar 11 20:30:43 CST 2016	Registered JDBC driver com.mysql.jdbc.Driver
Fri Mar 11 20:30:43 CST 2016	Created a new connection in pool 1st
Fri Mar 11 20:30:44 CST 2016	Created a new connection in pool 1st
Fri Mar 11 20:30:44 CST 2016	Created a new connection in pool 1st
Fri Mar 11 20:30:44 CST 2016	Created a new connection in pool 1st
Fri Mar 11 20:30:45 CST 2016	Created a new connection in pool 1st
Fri Mar 11 20:30:45 CST 2016	Initialized pool 1st
Fri Mar 11 20:31:34 CST 2016	Registered JDBC driver com.mysql.jdbc.Driver
Fri Mar 11 20:31:35 CST 2016	Created a new connection in pool 1st
Fri Mar 11 20:31:35 CST 2016	Created a new connection in pool 1st
Fri Mar 11 20:31:36 CST 2016	Created a new connection in pool 1st
Fri Mar 11 20:31:36 CST 2016	Created a new connection in pool 1st
Fri Mar 11 20:31:57 CST 2016	Created a new connection in pool 1st
Fri Mar 11 20:31:57 CST 2016	Initialized pool 1st
Fri Mar 11 20:38:57 CST 2016	Registered JDBC driver com.mysql.jdbc.Driver
Fri Mar 11 20:38:57 CST 2016	Created a new connection in pool 1st
Fri Mar 11 20:38:58 CST 2016	Created a new connection in pool 1st
Fri Mar 11 20:38:58 CST 2016	Created a new connection in pool 1st
Fri Mar 11 20:38:58 CST 2016	Created a new connection in pool 1st
Fri Mar 11 20:38:58 CST 2016	Created a new connection in pool 1st
Fri Mar 11 20:38:58 CST 2016	Initialized pool 1st
Sat Mar 12 15:11:14 CST 2016	Registered JDBC driver com.mysql.jdbc.Driver
Sat Mar 12 15:11:15 CST 2016	Created a new connection in pool 1st
Sat Mar 12 15:11:16 CST 2016	Created a new connection in pool 1st
Sat Mar 12 15:11:16 CST 2016	Created a new connection in pool 1st
Sat Mar 12 15:11:16 CST 2016	Created a new connection in pool 1st
Sat Mar 12 15:11:17 CST 2016	Created a new connection in pool 1st
Sat Mar 12 15:11:17 CST 2016	Initialized pool 1st
Sat Mar 12 15:27:10 CST 2016	Registered JDBC driver com.mysql.jdbc.Driver
Sat Mar 12 15:27:11 CST 2016	Created a new connection in pool 1st
Sat Mar 12 15:27:11 CST 2016	Created a new connection in pool 1st
Sat Mar 12 15:27:11 CST 2016	Created a new connection in pool 1st
Sat Mar 12 15:27:12 CST 2016	Created a new connection in pool 1st
Sat Mar 12 15:27:12 CST 2016	Created a new connection in pool 1st
Sat Mar 12 15:27:12 CST 2016	Initialized pool 1st
Sat Mar 12 15:31:18 CST 2016	Registered JDBC driver com.mysql.jdbc.Driver
Sat Mar 12 15:31:19 CST 2016	Created a new connection in pool 1st
Sat Mar 12 15:31:19 CST 2016	Created a new connection in pool 1st
Sat Mar 12 15:31:19 CST 2016	Created a new connection in pool 1st
Sat Mar 12 15:31:20 CST 2016	Created a new connection in pool 1st
Sat Mar 12 15:31:20 CST 2016	Created a new connection in pool 1st
Sat Mar 12 15:31:20 CST 2016	Initialized pool 1st
Sat Mar 12 15:32:15 CST 2016	Registered JDBC driver com.mysql.jdbc.Driver
Sat Mar 12 15:32:15 CST 2016	Created a new connection in pool 1st
Sat Mar 12 15:32:16 CST 2016	Created a new connection in pool 1st
Sat Mar 12 15:32:16 CST 2016	Created a new connection in pool 1st
Sat Mar 12 15:32:16 CST 2016	Created a new connection in pool 1st
Sat Mar 12 15:32:16 CST 2016	Created a new connection in pool 1st
Sat Mar 12 15:32:16 CST 2016	Initialized pool 1st
Sat Mar 12 16:06:40 CST 2016	Registered JDBC driver com.mysql.jdbc.Driver
Sat Mar 12 16:06:41 CST 2016	Created a new connection in pool 1st
Sat Mar 12 16:06:41 CST 2016	Created a new connection in pool 1st
Sat Mar 12 16:06:42 CST 2016	Created a new connection in pool 1st
Sat Mar 12 16:06:42 CST 2016	Created a new connection in pool 1st
Sat Mar 12 16:06:42 CST 2016	Created a new connection in pool 1st
Sat Mar 12 16:06:42 CST 2016	Initialized pool 1st
Sat Mar 12 16:19:45 CST 2016	Registered JDBC driver com.mysql.jdbc.Driver
Sat Mar 12 16:19:45 CST 2016	Created a new connection in pool 1st
Sat Mar 12 16:19:46 CST 2016	Created a new connection in pool 1st
Sat Mar 12 16:19:46 CST 2016	Created a new connection in pool 1st
Sat Mar 12 16:19:46 CST 2016	Created a new connection in pool 1st
Sat Mar 12 16:19:46 CST 2016	Created a new connection in pool 1st
Sat Mar 12 16:19:46 CST 2016	Initialized pool 1st
Sat Mar 12 16:21:57 CST 2016	Registered JDBC driver com.mysql.jdbc.Driver
Sat Mar 12 16:21:58 CST 2016	Created a new connection in pool 1st
Sat Mar 12 16:21:58 CST 2016	Created a new connection in pool 1st
Sat Mar 12 16:21:58 CST 2016	Created a new connection in pool 1st
Sat Mar 12 16:21:59 CST 2016	Created a new connection in pool 1st
Sat Mar 12 16:21:59 CST 2016	Created a new connection in pool 1st
Sat Mar 12 16:21:59 CST 2016	Initialized pool 1st
Sat Mar 12 16:32:14 CST 2016	Registered JDBC driver com.mysql.jdbc.Driver
Sat Mar 12 16:32:15 CST 2016	Created a new connection in pool 1st
Sat Mar 12 16:32:15 CST 2016	Created a new connection in pool 1st
Sat Mar 12 16:32:16 CST 2016	Created a new connection in pool 1st
Sat Mar 12 16:32:16 CST 2016	Created a new connection in pool 1st
Sat Mar 12 16:32:16 CST 2016	Created a new connection in pool 1st
Sat Mar 12 16:32:16 CST 2016	Initialized pool 1st
Sat Mar 12 16:39:36 CST 2016	Registered JDBC driver com.mysql.jdbc.Driver
Sat Mar 12 16:39:37 CST 2016	Created a new connection in pool 1st
Sat Mar 12 16:39:37 CST 2016	Created a new connection in pool 1st
Sat Mar 12 16:39:37 CST 2016	Created a new connection in pool 1st
Sat Mar 12 16:39:37 CST 2016	Created a new connection in pool 1st
Sat Mar 12 16:39:38 CST 2016	Created a new connection in pool 1st
Sat Mar 12 16:39:38 CST 2016	Initialized pool 1st
Sat Mar 12 16:58:50 CST 2016	Registered JDBC driver com.mysql.jdbc.Driver
Sat Mar 12 16:58:51 CST 2016	Created a new connection in pool 1st
Sat Mar 12 16:58:51 CST 2016	Created a new connection in pool 1st
Sat Mar 12 16:58:51 CST 2016	Created a new connection in pool 1st
Sat Mar 12 16:58:52 CST 2016	Created a new connection in pool 1st
Sat Mar 12 16:58:52 CST 2016	Created a new connection in pool 1st
Sat Mar 12 16:58:52 CST 2016	Initialized pool 1st
Sat Mar 12 17:00:54 CST 2016	Registered JDBC driver com.mysql.jdbc.Driver
Sat Mar 12 17:00:55 CST 2016	Created a new connection in pool 1st
Sat Mar 12 17:00:55 CST 2016	Created a new connection in pool 1st
Sat Mar 12 17:00:55 CST 2016	Created a new connection in pool 1st
Sat Mar 12 17:00:56 CST 2016	Created a new connection in pool 1st
Sat Mar 12 17:00:56 CST 2016	Created a new connection in pool 1st
Sat Mar 12 17:00:56 CST 2016	Initialized pool 1st
Sat Mar 12 17:18:10 CST 2016	Registered JDBC driver com.mysql.jdbc.Driver
Sat Mar 12 17:18:11 CST 2016	Created a new connection in pool 1st
Sat Mar 12 17:18:11 CST 2016	Created a new connection in pool 1st
Sat Mar 12 17:18:12 CST 2016	Created a new connection in pool 1st
Sat Mar 12 17:18:12 CST 2016	Created a new connection in pool 1st
Sat Mar 12 17:18:12 CST 2016	Created a new connection in pool 1st
Sat Mar 12 17:18:12 CST 2016	Initialized pool 1st
Sat Mar 12 17:27:11 CST 2016	Registered JDBC driver com.mysql.jdbc.Driver
Sat Mar 12 17:27:12 CST 2016	Created a new connection in pool 1st
Sat Mar 12 17:27:12 CST 2016	Created a new connection in pool 1st
Sat Mar 12 17:27:13 CST 2016	Created a new connection in pool 1st
Sat Mar 12 17:27:13 CST 2016	Created a new connection in pool 1st
Sat Mar 12 17:27:13 CST 2016	Created a new connection in pool 1st
Sat Mar 12 17:27:13 CST 2016	Initialized pool 1st
Sat Mar 12 17:27:59 CST 2016	Registered JDBC driver com.mysql.jdbc.Driver
Sat Mar 12 17:28:00 CST 2016	Created a new connection in pool 1st
Sat Mar 12 17:28:00 CST 2016	Created a new connection in pool 1st
Sat Mar 12 17:28:00 CST 2016	Created a new connection in pool 1st
Sat Mar 12 17:28:00 CST 2016	Created a new connection in pool 1st
Sat Mar 12 17:28:01 CST 2016	Created a new connection in pool 1st
Sat Mar 12 17:28:01 CST 2016	Initialized pool 1st
Sat Mar 12 17:30:42 CST 2016	Registered JDBC driver com.mysql.jdbc.Driver
Sat Mar 12 17:30:43 CST 2016	Created a new connection in pool 1st
Sat Mar 12 17:30:43 CST 2016	Created a new connection in pool 1st
Sat Mar 12 17:30:44 CST 2016	Created a new connection in pool 1st
Sat Mar 12 17:30:44 CST 2016	Created a new connection in pool 1st
Sat Mar 12 17:30:44 CST 2016	Created a new connection in pool 1st
Sat Mar 12 17:30:44 CST 2016	Initialized pool 1st
Sat Mar 12 17:32:05 CST 2016	Registered JDBC driver com.mysql.jdbc.Driver
Sat Mar 12 17:32:06 CST 2016	Created a new connection in pool 1st
Sat Mar 12 17:32:07 CST 2016	Created a new connection in pool 1st
Sat Mar 12 17:32:07 CST 2016	Created a new connection in pool 1st
Sat Mar 12 17:32:07 CST 2016	Created a new connection in pool 1st
Sat Mar 12 17:32:07 CST 2016	Created a new connection in pool 1st
Sat Mar 12 17:32:07 CST 2016	Initialized pool 1st
Sat Mar 12 17:35:08 CST 2016	Registered JDBC driver com.mysql.jdbc.Driver
Sat Mar 12 17:35:09 CST 2016	Created a new connection in pool 1st
Sat Mar 12 17:35:09 CST 2016	Created a new connection in pool 1st
Sat Mar 12 17:35:09 CST 2016	Created a new connection in pool 1st
Sat Mar 12 17:35:10 CST 2016	Created a new connection in pool 1st
Sat Mar 12 17:35:10 CST 2016	Created a new connection in pool 1st
Sat Mar 12 17:35:10 CST 2016	Initialized pool 1st
Sat Mar 12 17:40:39 CST 2016	Registered JDBC driver com.mysql.jdbc.Driver
Sat Mar 12 17:40:40 CST 2016	Created a new connection in pool 1st
Sat Mar 12 17:40:40 CST 2016	Created a new connection in pool 1st
Sat Mar 12 17:40:40 CST 2016	Created a new connection in pool 1st
Sat Mar 12 17:40:40 CST 2016	Created a new connection in pool 1st
Sat Mar 12 17:40:41 CST 2016	Created a new connection in pool 1st
Sat Mar 12 17:40:41 CST 2016	Initialized pool 1st
Sat Mar 12 17:42:07 CST 2016	Registered JDBC driver com.mysql.jdbc.Driver
Sat Mar 12 17:42:08 CST 2016	Created a new connection in pool 1st
Sat Mar 12 17:42:08 CST 2016	Created a new connection in pool 1st
Sat Mar 12 17:42:08 CST 2016	Created a new connection in pool 1st
Sat Mar 12 17:42:09 CST 2016	Created a new connection in pool 1st
Sat Mar 12 17:42:09 CST 2016	Created a new connection in pool 1st
Sat Mar 12 17:42:09 CST 2016	Initialized pool 1st
Sat Mar 12 18:00:47 CST 2016	Registered JDBC driver com.mysql.jdbc.Driver
Sat Mar 12 18:00:48 CST 2016	Created a new connection in pool 1st
Sat Mar 12 18:00:48 CST 2016	Created a new connection in pool 1st
Sat Mar 12 18:00:49 CST 2016	Created a new connection in pool 1st
Sat Mar 12 18:00:49 CST 2016	Created a new connection in pool 1st
Sat Mar 12 18:00:49 CST 2016	Created a new connection in pool 1st
Sat Mar 12 18:00:49 CST 2016	Initialized pool 1st
Sat Mar 12 18:06:37 CST 2016	Registered JDBC driver com.mysql.jdbc.Driver
Sat Mar 12 18:06:38 CST 2016	Created a new connection in pool 1st
Sat Mar 12 18:06:38 CST 2016	Created a new connection in pool 1st
Sat Mar 12 18:06:38 CST 2016	Created a new connection in pool 1st
Sat Mar 12 18:06:39 CST 2016	Created a new connection in pool 1st
Sat Mar 12 18:06:39 CST 2016	Created a new connection in pool 1st
Sat Mar 12 18:06:39 CST 2016	Initialized pool 1st
Sat Mar 12 18:10:28 CST 2016	Registered JDBC driver com.mysql.jdbc.Driver
Sat Mar 12 18:10:28 CST 2016	Created a new connection in pool 1st
Sat Mar 12 18:10:29 CST 2016	Created a new connection in pool 1st
Sat Mar 12 18:10:29 CST 2016	Created a new connection in pool 1st
Sat Mar 12 18:10:29 CST 2016	Created a new connection in pool 1st
Sat Mar 12 18:10:30 CST 2016	Created a new connection in pool 1st
Sat Mar 12 18:10:30 CST 2016	Initialized pool 1st
Sat Mar 12 18:12:12 CST 2016	Registered JDBC driver com.mysql.jdbc.Driver
Sat Mar 12 18:12:13 CST 2016	Created a new connection in pool 1st
Sat Mar 12 18:12:13 CST 2016	Created a new connection in pool 1st
Sat Mar 12 18:12:14 CST 2016	Created a new connection in pool 1st
Sat Mar 12 18:12:14 CST 2016	Created a new connection in pool 1st
Sat Mar 12 18:12:14 CST 2016	Created a new connection in pool 1st
Sat Mar 12 18:12:14 CST 2016	Initialized pool 1st
Sat Mar 12 18:17:15 CST 2016	Registered JDBC driver com.mysql.jdbc.Driver
Sat Mar 12 18:17:16 CST 2016	Created a new connection in pool 1st
Sat Mar 12 18:17:17 CST 2016	Created a new connection in pool 1st
Sat Mar 12 18:17:17 CST 2016	Created a new connection in pool 1st
Sat Mar 12 18:17:17 CST 2016	Created a new connection in pool 1st
Sat Mar 12 18:17:17 CST 2016	Created a new connection in pool 1st
Sat Mar 12 18:17:17 CST 2016	Initialized pool 1st
Sat Mar 12 18:26:25 CST 2016	Registered JDBC driver com.mysql.jdbc.Driver
Sat Mar 12 18:26:26 CST 2016	Created a new connection in pool 1st
Sat Mar 12 18:26:26 CST 2016	Created a new connection in pool 1st
Sat Mar 12 18:26:27 CST 2016	Created a new connection in pool 1st
Sat Mar 12 18:26:27 CST 2016	Created a new connection in pool 1st
Sat Mar 12 18:26:27 CST 2016	Created a new connection in pool 1st
Sat Mar 12 18:26:27 CST 2016	Initialized pool 1st
Sat Mar 12 18:34:52 CST 2016	Registered JDBC driver com.mysql.jdbc.Driver
Sat Mar 12 18:34:53 CST 2016	Created a new connection in pool 1st
Sat Mar 12 18:34:54 CST 2016	Created a new connection in pool 1st
Sat Mar 12 18:34:54 CST 2016	Created a new connection in pool 1st
Sat Mar 12 18:34:54 CST 2016	Created a new connection in pool 1st
Sat Mar 12 18:34:54 CST 2016	Created a new connection in pool 1st
Sat Mar 12 18:34:54 CST 2016	Initialized pool 1st
Sat Mar 12 18:40:56 CST 2016	Registered JDBC driver com.mysql.jdbc.Driver
Sat Mar 12 18:40:57 CST 2016	Created a new connection in pool 1st
Sat Mar 12 18:40:57 CST 2016	Created a new connection in pool 1st
Sat Mar 12 18:40:57 CST 2016	Created a new connection in pool 1st
Sat Mar 12 18:40:57 CST 2016	Created a new connection in pool 1st
Sat Mar 12 18:40:58 CST 2016	Created a new connection in pool 1st
Sat Mar 12 18:40:58 CST 2016	Initialized pool 1st
Sat Mar 12 18:49:06 CST 2016	Registered JDBC driver com.mysql.jdbc.Driver
Sat Mar 12 18:49:07 CST 2016	Created a new connection in pool 1st
Sat Mar 12 18:49:07 CST 2016	Created a new connection in pool 1st
Sat Mar 12 18:49:08 CST 2016	Created a new connection in pool 1st
Sat Mar 12 18:49:08 CST 2016	Created a new connection in pool 1st
Sat Mar 12 18:49:08 CST 2016	Created a new connection in pool 1st
Sat Mar 12 18:49:08 CST 2016	Initialized pool 1st
Sat Mar 12 18:55:32 CST 2016	Registered JDBC driver com.mysql.jdbc.Driver
Sat Mar 12 18:55:33 CST 2016	Created a new connection in pool 1st
Sat Mar 12 18:55:33 CST 2016	Created a new connection in pool 1st
Sat Mar 12 18:55:34 CST 2016	Created a new connection in pool 1st
Sat Mar 12 18:55:34 CST 2016	Created a new connection in pool 1st
Sat Mar 12 18:55:34 CST 2016	Created a new connection in pool 1st
Sat Mar 12 18:55:34 CST 2016	Initialized pool 1st
Sat Mar 12 19:00:19 CST 2016	Registered JDBC driver com.mysql.jdbc.Driver
Sat Mar 12 19:00:19 CST 2016	Created a new connection in pool 1st
Sat Mar 12 19:00:20 CST 2016	Created a new connection in pool 1st
Sat Mar 12 19:00:20 CST 2016	Created a new connection in pool 1st
Sat Mar 12 19:00:21 CST 2016	Created a new connection in pool 1st
Sat Mar 12 19:00:21 CST 2016	Created a new connection in pool 1st
Sat Mar 12 19:00:21 CST 2016	Initialized pool 1st
Sat Mar 12 19:05:13 CST 2016	Registered JDBC driver com.mysql.jdbc.Driver
Sat Mar 12 19:05:14 CST 2016	Created a new connection in pool 1st
Sat Mar 12 19:05:14 CST 2016	Created a new connection in pool 1st
Sat Mar 12 19:05:14 CST 2016	Created a new connection in pool 1st
Sat Mar 12 19:05:15 CST 2016	Created a new connection in pool 1st
Sat Mar 12 19:05:15 CST 2016	Created a new connection in pool 1st
Sat Mar 12 19:05:15 CST 2016	Initialized pool 1st
Sat Mar 12 19:09:55 CST 2016	Registered JDBC driver com.mysql.jdbc.Driver
Sat Mar 12 19:09:56 CST 2016	Created a new connection in pool 1st
Sat Mar 12 19:09:56 CST 2016	Created a new connection in pool 1st
Sat Mar 12 19:09:56 CST 2016	Created a new connection in pool 1st
Sat Mar 12 19:09:57 CST 2016	Created a new connection in pool 1st
Sat Mar 12 19:09:57 CST 2016	Created a new connection in pool 1st
Sat Mar 12 19:09:57 CST 2016	Initialized pool 1st
Sat Mar 12 19:10:57 CST 2016	Registered JDBC driver com.mysql.jdbc.Driver
Sat Mar 12 19:10:58 CST 2016	Created a new connection in pool 1st
Sat Mar 12 19:10:58 CST 2016	Created a new connection in pool 1st
Sat Mar 12 19:10:59 CST 2016	Created a new connection in pool 1st
Sat Mar 12 19:10:59 CST 2016	Created a new connection in pool 1st
Sat Mar 12 19:10:59 CST 2016	Created a new connection in pool 1st
Sat Mar 12 19:10:59 CST 2016	Initialized pool 1st
